This file contains any messages produced by compilers while
running configure, to aid debugging if configure makes a mistake.

It was created by didiwiki configure 0.5, which was
generated by GNU Autoconf 2.69.  Invocation command line was

  $ ./configure 

## --------- ##
## Platform. ##
## --------- ##

hostname = localhost.localdomain
uname -m = x86_64
uname -r = 6.6.74-desktop-1.mga9
uname -s = Linux
uname -v = #1 SMP PREEMPT_DYNAMIC Sat Jan 25 12:11:40 UTC 2025

/usr/bin/uname -p = unknown
/bin/uname -X     = unknown

/bin/arch              = x86_64
/usr/bin/arch -k       = unknown
/usr/convex/getsysinfo = unknown
/usr/bin/hostinfo      = unknown
/bin/machine           = unknown
/usr/bin/oslevel       = unknown
/bin/universe          = unknown

PATH: /home/tiger/anaconda3/bin
PATH: /home/tiger/.sdkman/candidates/gradle/current/bin
PATH: /usr/condabin
PATH: /usr/local/bin
PATH: /usr/bin
PATH: /bin
PATH: /usr/local/games
PATH: /usr/games
PATH: /usr/local/sbin
PATH: /usr/sbin
PATH: /usr/lib64/qt5/bin
PATH: /usr/lib64/qt6/bin
PATH: /usr/lib64/qt4/bin
PATH: /home/tiger/Work/Software/FEBIO/FEBIO 2.9/FEBio-2.9.1/bin
PATH: /home/tiger/Work/Software/FEBIO/Studio 2.8/FEBioStudio/bin
PATH: /home/tiger/.local/bin
PATH: /home/tiger/bin
PATH: /home/tiger/Work/Software/FEBIO/FEBIO 2.8/febio-2.8.0/bin
PATH: /home/tiger/Work/Software/FEBIO/FEBIO 2.9/FEBio-2.9.1/bin
PATH: /home/tiger/Work/Software/FEBIO/Studio 2.8/FEBioStudio/bin
PATH: /home/tiger/Work/Software/FEBIO/FEBIO 2.9/FEBio-2.9.1/bin
PATH: /home/tiger/Work/Software/FEBIO/Studio 2.8/FEBioStudio/bin


## ----------- ##
## Core tests. ##
## ----------- ##

configure:2260: checking for a BSD-compatible install
configure:2328: result: /usr/bin/install -c
configure:2339: checking whether build environment is sane
configure:2394: result: yes
configure:2432: WARNING: 'missing' script is too old or missing
configure:2545: checking for a thread-safe mkdir -p
configure:2584: result: /usr/bin/mkdir -p
configure:2591: checking for gawk
configure:2607: found /home/tiger/anaconda3/bin/gawk
configure:2618: result: gawk
configure:2629: checking whether make sets $(MAKE)
configure:2651: result: yes
configure:2680: checking whether make supports nested variables
configure:2697: result: yes
configure:2873: checking for gcc
configure:2889: found /usr/bin/gcc
configure:2900: result: gcc
configure:3129: checking for C compiler version
configure:3138: gcc --version >&5
gcc (Mageia 12.3.0-3.mga9) 12.3.0
Copyright (C) 2022 Free Software Foundation, Inc.
This is free software; see the source for copying conditions.  There is NO
warranty; not even for MERCHANTABILITY or FITNESS FOR A PARTICULAR PURPOSE.

configure:3149: $? = 0
configure:3138: gcc -v >&5
Using built-in specs.
COLLECT_GCC=gcc
COLLECT_LTO_WRAPPER=/usr/lib/gcc/x86_64-mageia-linux/12/lto-wrapper
Target: x86_64-mageia-linux
Configured with: ../configure --prefix=/usr --libexecdir=/usr/lib --with-slibdir=/lib64 --with-pkgversion='Mageia 12.3.0-3.mga9' --with-bugurl=https://bugs.mageia.org/ --mandir=/usr/share/man --infodir=/usr/share/info --enable-checking=release --enable-languages=c,c++,ada,fortran,objc,obj-c++,d --enable-linker-build-id --build=x86_64-mageia-linux --host=x86_64-mageia-linux --with-cpu=generic --with-system-zlib --enable-threads=posix --with-linker-hash-style=gnu --enable-shared --enable-long-long --enable-__cxa_atexit --disable-libunwind-exceptions --enable-clocale=gnu --enable-ssp --disable-libssp --disable-libffi --disable-werror --with-isl --with-python-dir=/lib/python3.10/site-packages --enable-lto --with-gcc-major-version-only
Thread model: posix
Supported LTO compression algorithms: zlib zstd
gcc version 12.3.0 (Mageia 12.3.0-3.mga9) 
configure:3149: $? = 0
configure:3138: gcc -V >&5
gcc: error: unrecognized command-line option '-V'
gcc: fatal error: no input files
compilation terminated.
configure:3149: $? = 1
configure:3138: gcc -qversion >&5
gcc: error: unrecognized command-line option '-qversion'; did you mean '--version'?
gcc: fatal error: no input files
compilation terminated.
configure:3149: $? = 1
configure:3169: checking whether the C compiler works
configure:3191: gcc    conftest.c  >&5
configure:3195: $? = 0
configure:3243: result: yes
configure:3246: checking for C compiler default output file name
configure:3248: result: a.out
configure:3254: checking for suffix of executables
configure:3261: gcc -o conftest    conftest.c  >&5
configure:3265: $? = 0
configure:3287: result: 
configure:3309: checking whether we are cross compiling
configure:3317: gcc -o conftest    conftest.c  >&5
configure:3321: $? = 0
configure:3328: ./conftest
configure:3332: $? = 0
configure:3347: result: no
configure:3352: checking for suffix of object files
configure:3374: gcc -c   conftest.c >&5
configure:3378: $? = 0
configure:3399: result: o
configure:3403: checking whether we are using the GNU C compiler
configure:3422: gcc -c   conftest.c >&5
configure:3422: $? = 0
configure:3431: result: yes
configure:3440: checking whether gcc accepts -g
configure:3460: gcc -c -g  conftest.c >&5
configure:3460: $? = 0
configure:3501: result: yes
configure:3518: checking for gcc option to accept ISO C89
configure:3581: gcc  -c -g -O2  conftest.c >&5
configure:3581: $? = 0
configure:3594: result: none needed
configure:3619: checking whether gcc understands -c and -o together
configure:3641: gcc -c conftest.c -o conftest2.o
configure:3644: $? = 0
configure:3641: gcc -c conftest.c -o conftest2.o
configure:3644: $? = 0
configure:3656: result: yes
configure:3676: checking whether make supports the include directive
configure:3691: make -f confmf.GNU && cat confinc.out
this is the am__doit target
configure:3694: $? = 0
configure:3713: result: yes (GNU style)
configure:3738: checking dependency style of gcc
configure:3849: result: gcc3
configure:3872: checking for dirent.h that defines DIR
configure:3891: gcc -c -g -O2  conftest.c >&5
configure:3891: $? = 0
configure:3899: result: yes
configure:3912: checking for library containing opendir
configure:3943: gcc -o conftest -g -O2   conftest.c  >&5
configure:3943: $? = 0
configure:3960: result: none required
configure:4032: checking how to run the C preprocessor
configure:4063: gcc -E  conftest.c
configure:4063: $? = 0
configure:4077: gcc -E  conftest.c
conftest.c:12:10: fatal error: ac_nonexistent.h: No such file or directory
   12 | #include <ac_nonexistent.h>
      |          ^~~~~~~~~~~~~~~~~~
compilation terminated.
configure:4077: $? = 1
configure: failed program was:
| /* confdefs.h */
| #define PACKAGE_NAME "didiwiki"
| #define PACKAGE_TARNAME "didiwiki"
| #define PACKAGE_VERSION "0.5"
| #define PACKAGE_STRING "didiwiki 0.5"
| #define PACKAGE_BUGREPORT "bugs@stark-jena.de"
| #define PACKAGE_URL ""
| #define PACKAGE "didiwiki"
| #define VERSION "0.5"
| #define HAVE_DIRENT_H 1
| /* end confdefs.h.  */
| #include <ac_nonexistent.h>
configure:4102: result: gcc -E
configure:4122: gcc -E  conftest.c
configure:4122: $? = 0
configure:4136: gcc -E  conftest.c
conftest.c:12:10: fatal error: ac_nonexistent.h: No such file or directory
   12 | #include <ac_nonexistent.h>
      |          ^~~~~~~~~~~~~~~~~~
compilation terminated.
configure:4136: $? = 1
configure: failed program was:
| /* confdefs.h */
| #define PACKAGE_NAME "didiwiki"
| #define PACKAGE_TARNAME "didiwiki"
| #define PACKAGE_VERSION "0.5"
| #define PACKAGE_STRING "didiwiki 0.5"
| #define PACKAGE_BUGREPORT "bugs@stark-jena.de"
| #define PACKAGE_URL ""
| #define PACKAGE "didiwiki"
| #define VERSION "0.5"
| #define HAVE_DIRENT_H 1
| /* end confdefs.h.  */
| #include <ac_nonexistent.h>
configure:4165: checking for grep that handles long lines and -e
configure:4223: result: /usr/bin/grep
configure:4228: checking for egrep
configure:4290: result: /usr/bin/grep -E
configure:4295: checking for ANSI C header files
configure:4315: gcc -c -g -O2  conftest.c >&5
configure:4315: $? = 0
configure:4388: gcc -o conftest -g -O2   conftest.c  >&5
configure:4388: $? = 0
configure:4388: ./conftest
configure:4388: $? = 0
configure:4399: result: yes
configure:4407: checking for sys/wait.h that is POSIX.1 compatible
configure:4433: gcc -c -g -O2  conftest.c >&5
configure:4433: $? = 0
configure:4440: result: yes
configure:4453: checking for sys/types.h
configure:4453: gcc -c -g -O2  conftest.c >&5
configure:4453: $? = 0
configure:4453: result: yes
configure:4453: checking for sys/stat.h
configure:4453: gcc -c -g -O2  conftest.c >&5
configure:4453: $? = 0
configure:4453: result: yes
configure:4453: checking for stdlib.h
configure:4453: gcc -c -g -O2  conftest.c >&5
configure:4453: $? = 0
configure:4453: result: yes
configure:4453: checking for string.h
configure:4453: gcc -c -g -O2  conftest.c >&5
configure:4453: $? = 0
configure:4453: result: yes
configure:4453: checking for memory.h
configure:4453: gcc -c -g -O2  conftest.c >&5
configure:4453: $? = 0
configure:4453: result: yes
configure:4453: checking for strings.h
configure:4453: gcc -c -g -O2  conftest.c >&5
configure:4453: $? = 0
configure:4453: result: yes
configure:4453: checking for inttypes.h
configure:4453: gcc -c -g -O2  conftest.c >&5
configure:4453: $? = 0
configure:4453: result: yes
configure:4453: checking for stdint.h
configure:4453: gcc -c -g -O2  conftest.c >&5
configure:4453: $? = 0
configure:4453: result: yes
configure:4453: checking for unistd.h
configure:4453: gcc -c -g -O2  conftest.c >&5
configure:4453: $? = 0
configure:4453: result: yes
configure:4468: checking arpa/inet.h usability
configure:4468: gcc -c -g -O2  conftest.c >&5
configure:4468: $? = 0
configure:4468: result: yes
configure:4468: checking arpa/inet.h presence
configure:4468: gcc -E  conftest.c
configure:4468: $? = 0
configure:4468: result: yes
configure:4468: checking for arpa/inet.h
configure:4468: result: yes
configure:4468: checking netinet/in.h usability
configure:4468: gcc -c -g -O2  conftest.c >&5
configure:4468: $? = 0
configure:4468: result: yes
configure:4468: checking netinet/in.h presence
configure:4468: gcc -E  conftest.c
configure:4468: $? = 0
configure:4468: result: yes
configure:4468: checking for netinet/in.h
configure:4468: result: yes
configure:4468: checking for stdlib.h
configure:4468: result: yes
configure:4468: checking for string.h
configure:4468: result: yes
configure:4468: checking sys/socket.h usability
configure:4468: gcc -c -g -O2  conftest.c >&5
configure:4468: $? = 0
configure:4468: result: yes
configure:4468: checking sys/socket.h presence
configure:4468: gcc -E  conftest.c
configure:4468: $? = 0
configure:4468: result: yes
configure:4468: checking for sys/socket.h
configure:4468: result: yes
configure:4468: checking sys/time.h usability
configure:4468: gcc -c -g -O2  conftest.c >&5
configure:4468: $? = 0
configure:4468: result: yes
configure:4468: checking sys/time.h presence
configure:4468: gcc -E  conftest.c
configure:4468: $? = 0
configure:4468: result: yes
configure:4468: checking for sys/time.h
configure:4468: result: yes
configure:4468: checking for unistd.h
configure:4468: result: yes
configure:4480: checking for an ANSI C-conforming const
configure:4546: gcc -c -g -O2  conftest.c >&5
configure:4546: $? = 0
configure:4553: result: yes
configure:4561: checking whether time.h and sys/time.h may both be included
configure:4581: gcc -c -g -O2  conftest.c >&5
configure:4581: $? = 0
configure:4588: result: yes
configure:4596: checking whether struct tm is in sys/time.h or time.h
configure:4616: gcc -c -g -O2  conftest.c >&5
configure:4616: $? = 0
configure:4623: result: time.h
configure:4633: checking for size_t
configure:4633: gcc -c -g -O2  conftest.c >&5
configure:4633: $? = 0
configure:4633: gcc -c -g -O2  conftest.c >&5
conftest.c: In function 'main':
conftest.c:67:21: error: expected expression before ')' token
   67 | if (sizeof ((size_t)))
      |                     ^
configure:4633: $? = 1
configure: failed program was:
| /* confdefs.h */
| #define PACKAGE_NAME "didiwiki"
| #define PACKAGE_TARNAME "didiwiki"
| #define PACKAGE_VERSION "0.5"
| #define PACKAGE_STRING "didiwiki 0.5"
| #define PACKAGE_BUGREPORT "bugs@stark-jena.de"
| #define PACKAGE_URL ""
| #define PACKAGE "didiwiki"
| #define VERSION "0.5"
| #define HAVE_DIRENT_H 1
| #define STDC_HEADERS 1
| #define HAVE_SYS_WAIT_H 1
| #define HAVE_SYS_TYPES_H 1
| #define HAVE_SYS_STAT_H 1
| #define HAVE_STDLIB_H 1
| #define HAVE_STRING_H 1
| #define HAVE_MEMORY_H 1
| #define HAVE_STRINGS_H 1
| #define HAVE_INTTYPES_H 1
| #define HAVE_STDINT_H 1
| #define HAVE_UNISTD_H 1
| #define HAVE_ARPA_INET_H 1
| #define HAVE_NETINET_IN_H 1
| #define HAVE_STDLIB_H 1
| #define HAVE_STRING_H 1
| #define HAVE_SYS_SOCKET_H 1
| #define HAVE_SYS_TIME_H 1
| #define HAVE_UNISTD_H 1
| #define TIME_WITH_SYS_TIME 1
| /* end confdefs.h.  */
| #include <stdio.h>
| #ifdef HAVE_SYS_TYPES_H
| # include <sys/types.h>
| #endif
| #ifdef HAVE_SYS_STAT_H
| # include <sys/stat.h>
| #endif
| #ifdef STDC_HEADERS
| # include <stdlib.h>
| # include <stddef.h>
| #else
| # ifdef HAVE_STDLIB_H
| #  include <stdlib.h>
| # endif
| #endif
| #ifdef HAVE_STRING_H
| # if !defined STDC_HEADERS && defined HAVE_MEMORY_H
| #  include <memory.h>
| # endif
| # include <string.h>
| #endif
| #ifdef HAVE_STRINGS_H
| # include <strings.h>
| #endif
| #ifdef HAVE_INTTYPES_H
| # include <inttypes.h>
| #endif
| #ifdef HAVE_STDINT_H
| # include <stdint.h>
| #endif
| #ifdef HAVE_UNISTD_H
| # include <unistd.h>
| #endif
| int
| main ()
| {
| if (sizeof ((size_t)))
| 	    return 0;
|   ;
|   return 0;
| }
configure:4633: result: yes
configure:4646: checking for working alloca.h
configure:4663: gcc -o conftest -g -O2   conftest.c  >&5
configure:4663: $? = 0
configure:4671: result: yes
configure:4679: checking for alloca
configure:4716: gcc -o conftest -g -O2   conftest.c  >&5
configure:4716: $? = 0
configure:4724: result: yes
configure:4830: checking for pid_t
configure:4830: gcc -c -g -O2  conftest.c >&5
configure:4830: $? = 0
configure:4830: gcc -c -g -O2  conftest.c >&5
conftest.c: In function 'main':
conftest.c:69:20: error: expected expression before ')' token
   69 | if (sizeof ((pid_t)))
      |                    ^
configure:4830: $? = 1
configure: failed program was:
| /* confdefs.h */
| #define PACKAGE_NAME "didiwiki"
| #define PACKAGE_TARNAME "didiwiki"
| #define PACKAGE_VERSION "0.5"
| #define PACKAGE_STRING "didiwiki 0.5"
| #define PACKAGE_BUGREPORT "bugs@stark-jena.de"
| #define PACKAGE_URL ""
| #define PACKAGE "didiwiki"
| #define VERSION "0.5"
| #define HAVE_DIRENT_H 1
| #define STDC_HEADERS 1
| #define HAVE_SYS_WAIT_H 1
| #define HAVE_SYS_TYPES_H 1
| #define HAVE_SYS_STAT_H 1
| #define HAVE_STDLIB_H 1
| #define HAVE_STRING_H 1
| #define HAVE_MEMORY_H 1
| #define HAVE_STRINGS_H 1
| #define HAVE_INTTYPES_H 1
| #define HAVE_STDINT_H 1
| #define HAVE_UNISTD_H 1
| #define HAVE_ARPA_INET_H 1
| #define HAVE_NETINET_IN_H 1
| #define HAVE_STDLIB_H 1
| #define HAVE_STRING_H 1
| #define HAVE_SYS_SOCKET_H 1
| #define HAVE_SYS_TIME_H 1
| #define HAVE_UNISTD_H 1
| #define TIME_WITH_SYS_TIME 1
| #define HAVE_ALLOCA_H 1
| #define HAVE_ALLOCA 1
| /* end confdefs.h.  */
| #include <stdio.h>
| #ifdef HAVE_SYS_TYPES_H
| # include <sys/types.h>
| #endif
| #ifdef HAVE_SYS_STAT_H
| # include <sys/stat.h>
| #endif
| #ifdef STDC_HEADERS
| # include <stdlib.h>
| # include <stddef.h>
| #else
| # ifdef HAVE_STDLIB_H
| #  include <stdlib.h>
| # endif
| #endif
| #ifdef HAVE_STRING_H
| # if !defined STDC_HEADERS && defined HAVE_MEMORY_H
| #  include <memory.h>
| # endif
| # include <string.h>
| #endif
| #ifdef HAVE_STRINGS_H
| # include <strings.h>
| #endif
| #ifdef HAVE_INTTYPES_H
| # include <inttypes.h>
| #endif
| #ifdef HAVE_STDINT_H
| # include <stdint.h>
| #endif
| #ifdef HAVE_UNISTD_H
| # include <unistd.h>
| #endif
| int
| main ()
| {
| if (sizeof ((pid_t)))
| 	    return 0;
|   ;
|   return 0;
| }
configure:4830: result: yes
configure:4843: checking vfork.h usability
configure:4843: gcc -c -g -O2  conftest.c >&5
conftest.c:66:10: fatal error: vfork.h: No such file or directory
   66 | #include <vfork.h>
      |          ^~~~~~~~~
compilation terminated.
configure:4843: $? = 1
configure: failed program was:
| /* confdefs.h */
| #define PACKAGE_NAME "didiwiki"
| #define PACKAGE_TARNAME "didiwiki"
| #define PACKAGE_VERSION "0.5"
| #define PACKAGE_STRING "didiwiki 0.5"
| #define PACKAGE_BUGREPORT "bugs@stark-jena.de"
| #define PACKAGE_URL ""
| #define PACKAGE "didiwiki"
| #define VERSION "0.5"
| #define HAVE_DIRENT_H 1
| #define STDC_HEADERS 1
| #define HAVE_SYS_WAIT_H 1
| #define HAVE_SYS_TYPES_H 1
| #define HAVE_SYS_STAT_H 1
| #define HAVE_STDLIB_H 1
| #define HAVE_STRING_H 1
| #define HAVE_MEMORY_H 1
| #define HAVE_STRINGS_H 1
| #define HAVE_INTTYPES_H 1
| #define HAVE_STDINT_H 1
| #define HAVE_UNISTD_H 1
| #define HAVE_ARPA_INET_H 1
| #define HAVE_NETINET_IN_H 1
| #define HAVE_STDLIB_H 1
| #define HAVE_STRING_H 1
| #define HAVE_SYS_SOCKET_H 1
| #define HAVE_SYS_TIME_H 1
| #define HAVE_UNISTD_H 1
| #define TIME_WITH_SYS_TIME 1
| #define HAVE_ALLOCA_H 1
| #define HAVE_ALLOCA 1
| /* end confdefs.h.  */
| #include <stdio.h>
| #ifdef HAVE_SYS_TYPES_H
| # include <sys/types.h>
| #endif
| #ifdef HAVE_SYS_STAT_H
| # include <sys/stat.h>
| #endif
| #ifdef STDC_HEADERS
| # include <stdlib.h>
| # include <stddef.h>
| #else
| # ifdef HAVE_STDLIB_H
| #  include <stdlib.h>
| # endif
| #endif
| #ifdef HAVE_STRING_H
| # if !defined STDC_HEADERS && defined HAVE_MEMORY_H
| #  include <memory.h>
| # endif
| # include <string.h>
| #endif
| #ifdef HAVE_STRINGS_H
| # include <strings.h>
| #endif
| #ifdef HAVE_INTTYPES_H
| # include <inttypes.h>
| #endif
| #ifdef HAVE_STDINT_H
| # include <stdint.h>
| #endif
| #ifdef HAVE_UNISTD_H
| # include <unistd.h>
| #endif
| #include <vfork.h>
configure:4843: result: no
configure:4843: checking vfork.h presence
configure:4843: gcc -E  conftest.c
conftest.c:33:10: fatal error: vfork.h: No such file or directory
   33 | #include <vfork.h>
      |          ^~~~~~~~~
compilation terminated.
configure:4843: $? = 1
configure: failed program was:
| /* confdefs.h */
| #define PACKAGE_NAME "didiwiki"
| #define PACKAGE_TARNAME "didiwiki"
| #define PACKAGE_VERSION "0.5"
| #define PACKAGE_STRING "didiwiki 0.5"
| #define PACKAGE_BUGREPORT "bugs@stark-jena.de"
| #define PACKAGE_URL ""
| #define PACKAGE "didiwiki"
| #define VERSION "0.5"
| #define HAVE_DIRENT_H 1
| #define STDC_HEADERS 1
| #define HAVE_SYS_WAIT_H 1
| #define HAVE_SYS_TYPES_H 1
| #define HAVE_SYS_STAT_H 1
| #define HAVE_STDLIB_H 1
| #define HAVE_STRING_H 1
| #define HAVE_MEMORY_H 1
| #define HAVE_STRINGS_H 1
| #define HAVE_INTTYPES_H 1
| #define HAVE_STDINT_H 1
| #define HAVE_UNISTD_H 1
| #define HAVE_ARPA_INET_H 1
| #define HAVE_NETINET_IN_H 1
| #define HAVE_STDLIB_H 1
| #define HAVE_STRING_H 1
| #define HAVE_SYS_SOCKET_H 1
| #define HAVE_SYS_TIME_H 1
| #define HAVE_UNISTD_H 1
| #define TIME_WITH_SYS_TIME 1
| #define HAVE_ALLOCA_H 1
| #define HAVE_ALLOCA 1
| /* end confdefs.h.  */
| #include <vfork.h>
configure:4843: result: no
configure:4843: checking for vfork.h
configure:4843: result: no
configure:4856: checking for fork
configure:4856: gcc -o conftest -g -O2   conftest.c  >&5
conftest.c:56:6: warning: conflicting types for built-in function 'fork'; expected 'int(void)' [-Wbuiltin-declaration-mismatch]
   56 | char fork ();
      |      ^~~~
configure:4856: $? = 0
configure:4856: result: yes
configure:4856: checking for vfork
configure:4856: gcc -o conftest -g -O2   conftest.c  >&5
configure:4856: $? = 0
configure:4856: result: yes
configure:4866: checking for working fork
configure:4888: gcc -o conftest -g -O2   conftest.c  >&5
configure:4888: $? = 0
configure:4888: ./conftest
configure:4888: $? = 0
configure:4898: result: yes
configure:4919: checking for working vfork
configure:5029: result: yes
configure:5057: checking sys/select.h usability
configure:5057: gcc -c -g -O2  conftest.c >&5
configure:5057: $? = 0
configure:5057: result: yes
configure:5057: checking sys/select.h presence
configure:5057: gcc -E  conftest.c
configure:5057: $? = 0
configure:5057: result: yes
configure:5057: checking for sys/select.h
configure:5057: result: yes
configure:5057: checking for sys/socket.h
configure:5057: result: yes
configure:5067: checking types of arguments for select
configure:5095: gcc -c -g -O2  conftest.c >&5
configure:5095: $? = 0
configure:5106: result: int,fd_set *,struct timeval *
configure:5129: checking whether lstat correctly handles trailing slash
configure:5155: gcc -o conftest -g -O2   conftest.c  >&5
configure:5155: $? = 0
configure:5155: ./conftest
configure:5155: $? = 0
configure:5172: result: yes
configure:5191: checking whether stat accepts an empty string
configure:5211: gcc -o conftest -g -O2   conftest.c  >&5
configure:5211: $? = 0
configure:5211: ./conftest
configure:5211: $? = 0
configure:5221: result: no
configure:5239: checking for strftime
configure:5239: gcc -o conftest -g -O2   conftest.c  >&5
conftest.c:66:6: warning: conflicting types for built-in function 'strftime'; expected 'long unsigned int(char *, long unsigned int,  const char *, const void *)' [-Wbuiltin-declaration-mismatch]
   66 | char strftime ();
      |      ^~~~~~~~
conftest.c:54:1: note: 'strftime' is declared in header '<time.h>'
   53 | # include <limits.h>
   54 | #else
configure:5239: $? = 0
configure:5239: result: yes
configure:5295: checking for asprintf
configure:5295: gcc -o conftest -g -O2   conftest.c  >&5
configure:5295: $? = 0
configure:5295: result: yes
configure:5295: checking for inet_ntoa
configure:5295: gcc -o conftest -g -O2   conftest.c  >&5
configure:5295: $? = 0
configure:5295: result: yes
configure:5295: checking for memset
configure:5295: gcc -o conftest -g -O2   conftest.c  >&5
conftest.c:69:6: warning: conflicting types for built-in function 'memset'; expected 'void *(void *, int,  long unsigned int)' [-Wbuiltin-declaration-mismatch]
   69 | char memset ();
      |      ^~~~~~
conftest.c:57:1: note: 'memset' is declared in header '<string.h>'
   56 | # include <limits.h>
   57 | #else
configure:5295: $? = 0
configure:5295: result: yes
configure:5295: checking for mkdir
configure:5295: gcc -o conftest -g -O2   conftest.c  >&5
configure:5295: $? = 0
configure:5295: result: yes
configure:5295: checking for putenv
configure:5295: gcc -o conftest -g -O2   conftest.c  >&5
configure:5295: $? = 0
configure:5295: result: yes
configure:5295: checking for select
configure:5295: gcc -o conftest -g -O2   conftest.c  >&5
configure:5295: $? = 0
configure:5295: result: yes
configure:5295: checking for socket
configure:5295: gcc -o conftest -g -O2   conftest.c  >&5
configure:5295: $? = 0
configure:5295: result: yes
configure:5295: checking for strdup
configure:5295: gcc -o conftest -g -O2   conftest.c  >&5
conftest.c:74:6: warning: conflicting types for built-in function 'strdup'; expected 'char *(const char *)' [-Wbuiltin-declaration-mismatch]
   74 | char strdup ();
      |      ^~~~~~
configure:5295: $? = 0
configure:5295: result: yes
configure:5295: checking for strncasecmp
configure:5295: gcc -o conftest -g -O2   conftest.c  >&5
conftest.c:75:6: warning: conflicting types for built-in function 'strncasecmp'; expected 'int(const char *, const char *, long unsigned int)' [-Wbuiltin-declaration-mismatch]
   75 | char strncasecmp ();
      |      ^~~~~~~~~~~
configure:5295: $? = 0
configure:5295: result: yes
configure:5414: checking that generated files are newer than configure
configure:5420: result: done
configure:5443: creating ./config.status

## ---------------------- ##
## Running config.status. ##
## ---------------------- ##

This file was extended by didiwiki config.status 0.5, which was
generated by GNU Autoconf 2.69.  Invocation command line was

  CONFIG_FILES    = 
  CONFIG_HEADERS  = 
  CONFIG_LINKS    = 
  CONFIG_COMMANDS = 
  $ ./config.status 

on localhost.localdomain

config.status:888: creating Makefile
config.status:888: creating src/Makefile
config.status:888: creating config.h
config.status:1069: config.h is unchanged
config.status:1117: executing depfiles commands
config.status:1194: cd src       && sed -e '/# am--include-marker/d' Makefile         | make -f - am--depfiles
make: Nothing to be done for 'am--depfiles'.
config.status:1199: $? = 0

## ---------------- ##
## Cache variables. ##
## ---------------- ##

ac_cv_c_compiler_gnu=yes
ac_cv_c_const=yes
ac_cv_env_CC_set=
ac_cv_env_CC_value=
ac_cv_env_CFLAGS_set=
ac_cv_env_CFLAGS_value=
ac_cv_env_CPPFLAGS_set=
ac_cv_env_CPPFLAGS_value=
ac_cv_env_CPP_set=
ac_cv_env_CPP_value=
ac_cv_env_LDFLAGS_set=
ac_cv_env_LDFLAGS_value=
ac_cv_env_LIBS_set=
ac_cv_env_LIBS_value=
ac_cv_env_build_alias_set=
ac_cv_env_build_alias_value=
ac_cv_env_host_alias_set=
ac_cv_env_host_alias_value=
ac_cv_env_target_alias_set=
ac_cv_env_target_alias_value=
ac_cv_func_alloca_works=yes
ac_cv_func_asprintf=yes
ac_cv_func_fork=yes
ac_cv_func_fork_works=yes
ac_cv_func_inet_ntoa=yes
ac_cv_func_lstat_dereferences_slashed_symlink=yes
ac_cv_func_memset=yes
ac_cv_func_mkdir=yes
ac_cv_func_putenv=yes
ac_cv_func_select=yes
ac_cv_func_select_args='int,fd_set *,struct timeval *'
ac_cv_func_socket=yes
ac_cv_func_stat_empty_string_bug=no
ac_cv_func_strdup=yes
ac_cv_func_strftime=yes
ac_cv_func_strncasecmp=yes
ac_cv_func_vfork=yes
ac_cv_func_vfork_works=yes
ac_cv_header_arpa_inet_h=yes
ac_cv_header_dirent_dirent_h=yes
ac_cv_header_inttypes_h=yes
ac_cv_header_memory_h=yes
ac_cv_header_netinet_in_h=yes
ac_cv_header_stdc=yes
ac_cv_header_stdint_h=yes
ac_cv_header_stdlib_h=yes
ac_cv_header_string_h=yes
ac_cv_header_strings_h=yes
ac_cv_header_sys_select_h=yes
ac_cv_header_sys_socket_h=yes
ac_cv_header_sys_stat_h=yes
ac_cv_header_sys_time_h=yes
ac_cv_header_sys_types_h=yes
ac_cv_header_sys_wait_h=yes
ac_cv_header_time=yes
ac_cv_header_unistd_h=yes
ac_cv_header_vfork_h=no
ac_cv_objext=o
ac_cv_path_EGREP='/usr/bin/grep -E'
ac_cv_path_GREP=/usr/bin/grep
ac_cv_path_install='/usr/bin/install -c'
ac_cv_path_mkdir=/usr/bin/mkdir
ac_cv_prog_AWK=gawk
ac_cv_prog_CPP='gcc -E'
ac_cv_prog_ac_ct_CC=gcc
ac_cv_prog_cc_c89=
ac_cv_prog_cc_g=yes
ac_cv_prog_make_make_set=yes
ac_cv_search_opendir='none required'
ac_cv_struct_tm=time.h
ac_cv_type_pid_t=yes
ac_cv_type_size_t=yes
ac_cv_working_alloca_h=yes
am_cv_CC_dependencies_compiler_type=gcc3
am_cv_make_support_nested_variables=yes
am_cv_prog_cc_c_o=yes

## ----------------- ##
## Output variables. ##
## ----------------- ##

ACLOCAL='aclocal-1.16'
ALLOCA=''
AMDEPBACKSLASH='\'
AMDEP_FALSE='#'
AMDEP_TRUE=''
AMTAR='$${TAR-tar}'
AM_BACKSLASH='\'
AM_DEFAULT_V='$(AM_DEFAULT_VERBOSITY)'
AM_DEFAULT_VERBOSITY='1'
AM_V='$(V)'
AUTOCONF='autoconf'
AUTOHEADER='autoheader'
AUTOMAKE='automake-1.16'
AWK='gawk'
CC='gcc'
CCDEPMODE='depmode=gcc3'
CFLAGS='-g -O2'
CPP='gcc -E'
CPPFLAGS=''
CYGPATH_W='echo'
DEFS='-DHAVE_CONFIG_H'
DEPDIR='.deps'
ECHO_C=''
ECHO_N='-n'
ECHO_T=''
EGREP='/usr/bin/grep -E'
EXEEXT=''
GCC_FLAGS='-g -Wall -fno-strict-aliasing'
GREP='/usr/bin/grep'
INSTALL_DATA='${INSTALL} -m 644'
INSTALL_PROGRAM='${INSTALL}'
INSTALL_SCRIPT='${INSTALL}'
INSTALL_STRIP_PROGRAM='$(install_sh) -c -s'
LDFLAGS=''
LIBOBJS=''
LIBS=''
LTLIBOBJS=''
MAKEINFO='makeinfo'
MKDIR_P='/usr/bin/mkdir -p'
OBJEXT='o'
PACKAGE='didiwiki'
PACKAGE_BUGREPORT='bugs@stark-jena.de'
PACKAGE_NAME='didiwiki'
PACKAGE_STRING='didiwiki 0.5'
PACKAGE_TARNAME='didiwiki'
PACKAGE_URL=''
PACKAGE_VERSION='0.5'
PATH_SEPARATOR=':'
SET_MAKE=''
SHELL='/bin/sh'
STRIP=''
VERSION='0.5'
ac_ct_CC='gcc'
am__EXEEXT_FALSE=''
am__EXEEXT_TRUE='#'
am__fastdepCC_FALSE='#'
am__fastdepCC_TRUE=''
am__include='include'
am__isrc=''
am__leading_dot='.'
am__nodep='_no'
am__quote=''
am__tar='$${TAR-tar} chof - "$$tardir"'
am__untar='$${TAR-tar} xf -'
bindir='${exec_prefix}/bin'
build_alias=''
datadir='${datarootdir}'
datarootdir='${prefix}/share'
docdir='${datarootdir}/doc/${PACKAGE_TARNAME}'
dvidir='${docdir}'
exec_prefix='${prefix}'
host_alias=''
htmldir='${docdir}'
includedir='${prefix}/include'
infodir='${datarootdir}/info'
install_sh='${SHELL} /home/fast/Temp/Didiwiki/install-sh'
libdir='${exec_prefix}/lib'
libexecdir='${exec_prefix}/libexec'
localedir='${datarootdir}/locale'
localstatedir='${prefix}/var'
mandir='${datarootdir}/man'
mkdir_p='$(MKDIR_P)'
oldincludedir='/usr/include'
pdfdir='${docdir}'
prefix='/usr/local'
program_transform_name='s,x,x,'
psdir='${docdir}'
runstatedir='${localstatedir}/run'
sbindir='${exec_prefix}/sbin'
sharedstatedir='${prefix}/com'
sysconfdir='${prefix}/etc'
target_alias=''

## ----------- ##
## confdefs.h. ##
## ----------- ##

/* confdefs.h */
#define PACKAGE_NAME "didiwiki"
#define PACKAGE_TARNAME "didiwiki"
#define PACKAGE_VERSION "0.5"
#define PACKAGE_STRING "didiwiki 0.5"
#define PACKAGE_BUGREPORT "bugs@stark-jena.de"
#define PACKAGE_URL ""
#define PACKAGE "didiwiki"
#define VERSION "0.5"
#define HAVE_DIRENT_H 1
#define STDC_HEADERS 1
#define HAVE_SYS_WAIT_H 1
#define HAVE_SYS_TYPES_H 1
#define HAVE_SYS_STAT_H 1
#define HAVE_STDLIB_H 1
#define HAVE_STRING_H 1
#define HAVE_MEMORY_H 1
#define HAVE_STRINGS_H 1
#define HAVE_INTTYPES_H 1
#define HAVE_STDINT_H 1
#define HAVE_UNISTD_H 1
#define HAVE_ARPA_INET_H 1
#define HAVE_NETINET_IN_H 1
#define HAVE_STDLIB_H 1
#define HAVE_STRING_H 1
#define HAVE_SYS_SOCKET_H 1
#define HAVE_SYS_TIME_H 1
#define HAVE_UNISTD_H 1
#define TIME_WITH_SYS_TIME 1
#define HAVE_ALLOCA_H 1
#define HAVE_ALLOCA 1
#define HAVE_FORK 1
#define HAVE_VFORK 1
#define HAVE_WORKING_VFORK 1
#define HAVE_WORKING_FORK 1
#define HAVE_SYS_SELECT_H 1
#define HAVE_SYS_SOCKET_H 1
#define SELECT_TYPE_ARG1 int
#define SELECT_TYPE_ARG234 (fd_set *)
#define SELECT_TYPE_ARG5 (struct timeval *)
#define LSTAT_FOLLOWS_SLASHED_SYMLINK 1
#define HAVE_STRFTIME 1
#define HAVE_ASPRINTF 1
#define HAVE_INET_NTOA 1
#define HAVE_MEMSET 1
#define HAVE_MKDIR 1
#define HAVE_PUTENV 1
#define HAVE_SELECT 1
#define HAVE_SOCKET 1
#define HAVE_STRDUP 1
#define HAVE_STRNCASECMP 1

configure: exit 0
